[05-Jan-2019 04:35:23 UTC] PHP Warning:  sprintf(): Too few arguments in /var/www/wordpress/wp-admin/includes/class-bulk-upgrader-skin.php on line 150
[05-Jan-2019 04:35:23 UTC] PHP Stack trace:
[05-Jan-2019 04:35:23 UTC] PHP   1. {main}() /var/www/wordpress/wp-admin/themes.php:0
[05-Jan-2019 04:35:23 UTC] PHP   2. require_once() /var/www/wordpress/wp-admin/themes.php:10
[05-Jan-2019 04:35:23 UTC] PHP   3. do_action() /var/www/wordpress/wp-admin/admin.php:224
[05-Jan-2019 04:35:23 UTC] PHP   4. WP_Hook->do_action() /var/www/wordpress/wp-includes/plugin.php:453
[05-Jan-2019 04:35:23 UTC] PHP   5. WP_Hook->apply_filters() /var/www/wordpress/wp-includes/class-wp-hook.php:310
[05-Jan-2019 04:35:23 UTC] PHP   6. TGM_Plugin_Activation->install_plugins_page() /var/www/wordpress/wp-includes/class-wp-hook.php:286
[05-Jan-2019 04:35:23 UTC] PHP   7. TGMPA_List_Table->process_bulk_actions() /var/www/wordpress/wp-content/themes/pirouette/vendor/tgmpa/class-tgm-plugin-activation.php:743
[05-Jan-2019 04:35:23 UTC] PHP   8. TGMPA_Bulk_Installer->bulk_install() /var/www/wordpress/wp-content/themes/pirouette/vendor/tgmpa/class-tgm-plugin-activation.php:2977
[05-Jan-2019 04:35:23 UTC] PHP   9. TGMPA_Bulk_Installer->run() /var/www/wordpress/wp-content/themes/pirouette/vendor/tgmpa/class-tgm-plugin-activation.php:3371
[05-Jan-2019 04:35:23 UTC] PHP  10. WP_Upgrader->run() /var/www/wordpress/wp-content/themes/pirouette/vendor/tgmpa/class-tgm-plugin-activation.php:3258
[05-Jan-2019 04:35:23 UTC] PHP  11. TGMPA_Bulk_Installer_Skin->after() /var/www/wordpress/wp-admin/includes/class-wp-upgrader.php:759
[05-Jan-2019 04:35:23 UTC] PHP  12. Bulk_Upgrader_Skin->after() /var/www/wordpress/wp-content/themes/pirouette/vendor/tgmpa/class-tgm-plugin-activation.php:3638
[05-Jan-2019 04:35:23 UTC] PHP  13. sprintf() /var/www/wordpress/wp-admin/includes/class-bulk-upgrader-skin.php:150
[05-Jan-2019 04:35:29 UTC] PHP Warning:  sprintf(): Too few arguments in /var/www/wordpress/wp-admin/includes/class-bulk-upgrader-skin.php on line 150
[05-Jan-2019 04:35:29 UTC] PHP Stack trace:
[05-Jan-2019 04:35:29 UTC] PHP   1. {main}() /var/www/wordpress/wp-admin/themes.php:0
[05-Jan-2019 04:35:29 UTC] PHP   2. require_once() /var/www/wordpress/wp-admin/themes.php:10
[05-Jan-2019 04:35:29 UTC] PHP   3. do_action() /var/www/wordpress/wp-admin/admin.php:224
[05-Jan-2019 04:35:29 UTC] PHP   4. WP_Hook->do_action() /var/www/wordpress/wp-includes/plugin.php:453
[05-Jan-2019 04:35:29 UTC] PHP   5. WP_Hook->apply_filters() /var/www/wordpress/wp-includes/class-wp-hook.php:310
[05-Jan-2019 04:35:29 UTC] PHP   6. TGM_Plugin_Activation->install_plugins_page() /var/www/wordpress/wp-includes/class-wp-hook.php:286
[05-Jan-2019 04:35:29 UTC] PHP   7. TGMPA_List_Table->process_bulk_actions() /var/www/wordpress/wp-content/themes/pirouette/vendor/tgmpa/class-tgm-plugin-activation.php:743
[05-Jan-2019 04:35:29 UTC] PHP   8. TGMPA_Bulk_Installer->bulk_install() /var/www/wordpress/wp-content/themes/pirouette/vendor/tgmpa/class-tgm-plugin-activation.php:2977
[05-Jan-2019 04:35:29 UTC] PHP   9. TGMPA_Bulk_Installer->run() /var/www/wordpress/wp-content/themes/pirouette/vendor/tgmpa/class-tgm-plugin-activation.php:3371
[05-Jan-2019 04:35:29 UTC] PHP  10. WP_Upgrader->run() /var/www/wordpress/wp-content/themes/pirouette/vendor/tgmpa/class-tgm-plugin-activation.php:3258
[05-Jan-2019 04:35:29 UTC] PHP  11. TGMPA_Bulk_Installer_Skin->after() /var/www/wordpress/wp-admin/includes/class-wp-upgrader.php:759
[05-Jan-2019 04:35:29 UTC] PHP  12. Bulk_Upgrader_Skin->after() /var/www/wordpress/wp-content/themes/pirouette/vendor/tgmpa/class-tgm-plugin-activation.php:3638
[05-Jan-2019 04:35:29 UTC] PHP  13. sprintf() /var/www/wordpress/wp-admin/includes/class-bulk-upgrader-skin.php:150
[05-Jan-2019 04:36:29 UTC] PHP Warning:  sprintf(): Too few arguments in /var/www/wordpress/wp-admin/includes/class-bulk-upgrader-skin.php on line 150
[05-Jan-2019 04:36:29 UTC] PHP Stack trace:
[05-Jan-2019 04:36:29 UTC] PHP   1. {main}() /var/www/wordpress/wp-admin/themes.php:0
[05-Jan-2019 04:36:29 UTC] PHP   2. require_once() /var/www/wordpress/wp-admin/themes.php:10
[05-Jan-2019 04:36:29 UTC] PHP   3. do_action() /var/www/wordpress/wp-admin/admin.php:224
[05-Jan-2019 04:36:29 UTC] PHP   4. WP_Hook->do_action() /var/www/wordpress/wp-includes/plugin.php:453
[05-Jan-2019 04:36:29 UTC] PHP   5. WP_Hook->apply_filters() /var/www/wordpress/wp-includes/class-wp-hook.php:310
[05-Jan-2019 04:36:29 UTC] PHP   6. TGM_Plugin_Activation->install_plugins_page() /var/www/wordpress/wp-includes/class-wp-hook.php:286
[05-Jan-2019 04:36:29 UTC] PHP   7. TGMPA_List_Table->process_bulk_actions() /var/www/wordpress/wp-content/themes/pirouette/vendor/tgmpa/class-tgm-plugin-activation.php:743
[05-Jan-2019 04:36:29 UTC] PHP   8. TGMPA_Bulk_Installer->bulk_install() /var/www/wordpress/wp-content/themes/pirouette/vendor/tgmpa/class-tgm-plugin-activation.php:2977
[05-Jan-2019 04:36:29 UTC] PHP   9. TGMPA_Bulk_Installer->run() /var/www/wordpress/wp-content/themes/pirouette/vendor/tgmpa/class-tgm-plugin-activation.php:3371
[05-Jan-2019 04:36:29 UTC] PHP  10. WP_Upgrader->run() /var/www/wordpress/wp-content/themes/pirouette/vendor/tgmpa/class-tgm-plugin-activation.php:3258
[05-Jan-2019 04:36:29 UTC] PHP  11. TGMPA_Bulk_Installer_Skin->after() /var/www/wordpress/wp-admin/includes/class-wp-upgrader.php:759
[05-Jan-2019 04:36:29 UTC] PHP  12. Bulk_Upgrader_Skin->after() /var/www/wordpress/wp-content/themes/pirouette/vendor/tgmpa/class-tgm-plugin-activation.php:3638
[05-Jan-2019 04:36:29 UTC] PHP  13. sprintf() /var/www/wordpress/wp-admin/includes/class-bulk-upgrader-skin.php:150
[05-Jan-2019 04:37:10 UTC] PHP Warning:  sprintf(): Too few arguments in /var/www/wordpress/wp-admin/includes/class-bulk-upgrader-skin.php on line 150
[05-Jan-2019 04:37:10 UTC] PHP Stack trace:
[05-Jan-2019 04:37:10 UTC] PHP   1. {main}() /var/www/wordpress/wp-admin/themes.php:0
[05-Jan-2019 04:37:10 UTC] PHP   2. require_once() /var/www/wordpress/wp-admin/themes.php:10
[05-Jan-2019 04:37:10 UTC] PHP   3. do_action() /var/www/wordpress/wp-admin/admin.php:224
[05-Jan-2019 04:37:10 UTC] PHP   4. WP_Hook->do_action() /var/www/wordpress/wp-includes/plugin.php:453
[05-Jan-2019 04:37:10 UTC] PHP   5. WP_Hook->apply_filters() /var/www/wordpress/wp-includes/class-wp-hook.php:310
[05-Jan-2019 04:37:10 UTC] PHP   6. TGM_Plugin_Activation->install_plugins_page() /var/www/wordpress/wp-includes/class-wp-hook.php:286
[05-Jan-2019 04:37:10 UTC] PHP   7. TGMPA_List_Table->process_bulk_actions() /var/www/wordpress/wp-content/themes/pirouette/vendor/tgmpa/class-tgm-plugin-activation.php:743
[05-Jan-2019 04:37:10 UTC] PHP   8. TGMPA_Bulk_Installer->bulk_install() /var/www/wordpress/wp-content/themes/pirouette/vendor/tgmpa/class-tgm-plugin-activation.php:2977
[05-Jan-2019 04:37:10 UTC] PHP   9. TGMPA_Bulk_Installer->run() /var/www/wordpress/wp-content/themes/pirouette/vendor/tgmpa/class-tgm-plugin-activation.php:3371
[05-Jan-2019 04:37:10 UTC] PHP  10. WP_Upgrader->run() /var/www/wordpress/wp-content/themes/pirouette/vendor/tgmpa/class-tgm-plugin-activation.php:3258
[05-Jan-2019 04:37:10 UTC] PHP  11. TGMPA_Bulk_Installer_Skin->after() /var/www/wordpress/wp-admin/includes/class-wp-upgrader.php:759
[05-Jan-2019 04:37:10 UTC] PHP  12. Bulk_Upgrader_Skin->after() /var/www/wordpress/wp-content/themes/pirouette/vendor/tgmpa/class-tgm-plugin-activation.php:3638
[05-Jan-2019 04:37:10 UTC] PHP  13. sprintf() /var/www/wordpress/wp-admin/includes/class-bulk-upgrader-skin.php:150
[05-Jan-2019 04:37:18 UTC] PHP Warning:  sprintf(): Too few arguments in /var/www/wordpress/wp-admin/includes/class-bulk-upgrader-skin.php on line 150
[05-Jan-2019 04:37:18 UTC] PHP Stack trace:
[05-Jan-2019 04:37:18 UTC] PHP   1. {main}() /var/www/wordpress/wp-admin/themes.php:0
[05-Jan-2019 04:37:18 UTC] PHP   2. require_once() /var/www/wordpress/wp-admin/themes.php:10
[05-Jan-2019 04:37:18 UTC] PHP   3. do_action() /var/www/wordpress/wp-admin/admin.php:224
[05-Jan-2019 04:37:18 UTC] PHP   4. WP_Hook->do_action() /var/www/wordpress/wp-includes/plugin.php:453
[05-Jan-2019 04:37:18 UTC] PHP   5. WP_Hook->apply_filters() /var/www/wordpress/wp-includes/class-wp-hook.php:310
[05-Jan-2019 04:37:18 UTC] PHP   6. TGM_Plugin_Activation->install_plugins_page() /var/www/wordpress/wp-includes/class-wp-hook.php:286
[05-Jan-2019 04:37:18 UTC] PHP   7. TGMPA_List_Table->process_bulk_actions() /var/www/wordpress/wp-content/themes/pirouette/vendor/tgmpa/class-tgm-plugin-activation.php:743
[05-Jan-2019 04:37:18 UTC] PHP   8. TGMPA_Bulk_Installer->bulk_install() /var/www/wordpress/wp-content/themes/pirouette/vendor/tgmpa/class-tgm-plugin-activation.php:2977
[05-Jan-2019 04:37:18 UTC] PHP   9. TGMPA_Bulk_Installer->run() /var/www/wordpress/wp-content/themes/pirouette/vendor/tgmpa/class-tgm-plugin-activation.php:3371
[05-Jan-2019 04:37:18 UTC] PHP  10. WP_Upgrader->run() /var/www/wordpress/wp-content/themes/pirouette/vendor/tgmpa/class-tgm-plugin-activation.php:3258
[05-Jan-2019 04:37:18 UTC] PHP  11. TGMPA_Bulk_Installer_Skin->after() /var/www/wordpress/wp-admin/includes/class-wp-upgrader.php:759
[05-Jan-2019 04:37:18 UTC] PHP  12. Bulk_Upgrader_Skin->after() /var/www/wordpress/wp-content/themes/pirouette/vendor/tgmpa/class-tgm-plugin-activation.php:3638
[05-Jan-2019 04:37:18 UTC] PHP  13. sprintf() /var/www/wordpress/wp-admin/includes/class-bulk-upgrader-skin.php:150
